<?xml version="1.0" encoding="UTF-8"?>
<!-- Generated by org.testng.reporters.JUnitXMLReporter -->
<testsuite ignored="0" hostname="DESKTOP-T0DGFL0" failures="0" tests="3" name="Default test" time="48.386" errors="0" timestamp="13 Mar 2024 00:54:18 GMT">
  <testcase classname="com.adactinproject.testcases.BookingConfirmationPageTest" name="BookingConfirmationPageTitle" time="0.046"/>
  <testcase classname="com.adactinproject.testcases.BookingConfirmationPageTest" name="myItineraryTest" time="6.721"/>
  <testcase classname="com.adactinproject.testcases.BookingConfirmationPageTest" name="orderNoTest" time="5.363"/>
</testsuite> <!-- Default test -->
