<?xml version="1.0" encoding="UTF-8"?>
<!-- Generated by org.testng.reporters.JUnitXMLReporter -->
<testsuite ignored="2" hostname="DESKTOP-T0DGFL0" failures="0" tests="1" name="Default test" time="5.417" errors="0" timestamp="10 Mar 2024 23:30:13 GMT">
  <testcase classname="com.adactinproject.testcases.SearchHotelTest" name="selectDropDownValues" time="1.349"/>
  <testcase classname="com.adactinproject.testcases.SearchHotelTest" name="searchHotelPageTitleTest" time="0.0">
    <ignored/>
  </testcase> <!-- searchHotelPageTitleTest -->
  <testcase classname="com.adactinproject.testcases.SearchHotelTest" name="userName" time="0.0">
    <ignored/>
  </testcase> <!-- userName -->
</testsuite> <!-- Default test -->
