<?xml version="1.0" encoding="UTF-8"?>
<testng-results ignored="0" total="3" passed="3" failed="0" skipped="0">
  <reporter-output>
  </reporter-output>
  <suite started-at="2024-03-13T00:53:30Z" name="Default suite" finished-at="2024-03-13T00:54:18Z" duration-ms="48386">
    <groups>
    </groups>
    <test started-at="2024-03-13T00:53:30Z" name="Default test" finished-at="2024-03-13T00:54:18Z" duration-ms="48386">
      <class name="com.adactinproject.testcases.BookingConfirmationPageTest">
        <test-method is-config="true" signature="setUp()[pri:0, instance:com.adactinproject.testcases.BookingConfirmationPageTest@24569dba]" started-at="2024-03-13T00:53:30Z" name="setUp" finished-at="2024-03-13T00:53:42Z" duration-ms="12388" status="PASS">
          <reporter-output>
          </reporter-output>
        </test-method> <!-- setUp -->
        <test-method signature="BookingConfirmationPageTitle()[pri:0, instance:com.adactinproject.testcases.BookingConfirmationPageTest@24569dba]" started-at="2024-03-13T00:53:42Z" name="BookingConfirmationPageTitle" finished-at="2024-03-13T00:53:42Z" duration-ms="46" status="PASS">
          <reporter-output>
          </reporter-output>
        </test-method> <!-- BookingConfirmationPageTitle -->
        <test-method is-config="true" signature="tearDown()[pri:0, instance:com.adactinproject.testcases.BookingConfirmationPageTest@24569dba]" started-at="2024-03-13T00:53:42Z" name="tearDown" finished-at="2024-03-13T00:53:43Z" duration-ms="376" status="PASS">
          <reporter-output>
          </reporter-output>
        </test-method> <!-- tearDown -->
        <test-method is-config="true" signature="setUp()[pri:0, instance:com.adactinproject.testcases.BookingConfirmationPageTest@24569dba]" started-at="2024-03-13T00:53:43Z" name="setUp" finished-at="2024-03-13T00:53:54Z" duration-ms="11468" status="PASS">
          <reporter-output>
          </reporter-output>
        </test-method> <!-- setUp -->
        <test-method signature="myItineraryTest()[pri:0, instance:com.adactinproject.testcases.BookingConfirmationPageTest@24569dba]" started-at="2024-03-13T00:53:54Z" name="myItineraryTest" finished-at="2024-03-13T00:54:01Z" duration-ms="6721" status="PASS">
          <reporter-output>
          </reporter-output>
        </test-method> <!-- myItineraryTest -->
        <test-method is-config="true" signature="tearDown()[pri:0, instance:com.adactinproject.testcases.BookingConfirmationPageTest@24569dba]" started-at="2024-03-13T00:54:01Z" name="tearDown" finished-at="2024-03-13T00:54:01Z" duration-ms="324" status="PASS">
          <reporter-output>
          </reporter-output>
        </test-method> <!-- tearDown -->
        <test-method is-config="true" signature="setUp()[pri:0, instance:com.adactinproject.testcases.BookingConfirmationPageTest@24569dba]" started-at="2024-03-13T00:54:01Z" name="setUp" finished-at="2024-03-13T00:54:12Z" duration-ms="11308" status="PASS">
          <reporter-output>
          </reporter-output>
        </test-method> <!-- setUp -->
        <test-method signature="orderNoTest()[pri:0, instance:com.adactinproject.testcases.BookingConfirmationPageTest@24569dba]" started-at="2024-03-13T00:54:12Z" name="orderNoTest" finished-at="2024-03-13T00:54:18Z" duration-ms="5363" status="PASS">
          <reporter-output>
          </reporter-output>
        </test-method> <!-- orderNoTest -->
        <test-method is-config="true" signature="tearDown()[pri:0, instance:com.adactinproject.testcases.BookingConfirmationPageTest@24569dba]" started-at="2024-03-13T00:54:18Z" name="tearDown" finished-at="2024-03-13T00:54:18Z" duration-ms="356" status="PASS">
          <reporter-output>
          </reporter-output>
        </test-method> <!-- tearDown -->
      </class> <!-- com.adactinproject.testcases.BookingConfirmationPageTest -->
    </test> <!-- Default test -->
  </suite> <!-- Default suite -->
</testng-results>
