<?xml version="1.0" encoding="UTF-8"?>
<testng-results ignored="2" total="3" passed="1" failed="0" skipped="0">
  <reporter-output>
  </reporter-output>
  <suite started-at="2024-03-10T23:30:08Z" name="Default suite" finished-at="2024-03-10T23:30:13Z" duration-ms="5417">
    <groups>
    </groups>
    <test started-at="2024-03-10T23:30:08Z" name="Default test" finished-at="2024-03-10T23:30:13Z" duration-ms="5417">
      <class name="com.adactinproject.testcases.SearchHotelTest">
        <test-method is-config="true" signature="SetUp()[pri:0, instance:com.adactinproject.testcases.SearchHotelTest@4d1c005e]" started-at="2024-03-10T23:30:08Z" name="SetUp" finished-at="2024-03-10T23:30:12Z" duration-ms="3682" status="PASS">
          <reporter-output>
          </reporter-output>
        </test-method> <!-- SetUp -->
        <test-method signature="selectDropDownValues()[pri:0, instance:com.adactinproject.testcases.SearchHotelTest@4d1c005e]" started-at="2024-03-10T23:30:12Z" name="selectDropDownValues" finished-at="2024-03-10T23:30:13Z" duration-ms="1349" status="PASS">
          <reporter-output>
          </reporter-output>
        </test-method> <!-- selectDropDownValues -->
        <test-method is-config="true" signature="tearDown()[pri:0, instance:com.adactinproject.testcases.SearchHotelTest@4d1c005e]" started-at="2024-03-10T23:30:13Z" name="tearDown" finished-at="2024-03-10T23:30:13Z" duration-ms="351" status="PASS">
          <reporter-output>
          </reporter-output>
        </test-method> <!-- tearDown -->
      </class> <!-- com.adactinproject.testcases.SearchHotelTest -->
    </test> <!-- Default test -->
  </suite> <!-- Default suite -->
</testng-results>
